<?xml version="1.0" encoding="UTF-8"?>
<!-- Generated by org.testng.reporters.JUnitReportReporter -->
<testsuite hostname="SURI" failures="0" tests="2" name="practice.TestNGTest" time="0.010" errors="0" timestamp="2021-01-22T17:51:59 EST" skipped="0">
  <testcase classname="practice.TestNGTest" name="select" time="0.008"/>
  <testcase classname="practice.TestNGTest" name="checkout" time="0.002"/>
</testsuite> <!-- practice.TestNGTest -->
